Using pre-set license
Built from '2021.3/staging' branch; Version is '2021.3.4f1 (cb45f9cae8b7) revision 13321721'; Using compiler version '192829333'; Build Type 'Release'
OS: 'Windows 10  (10.0.19043) 64bit Core' Language: 'ja' Physical Memory: 16205 MB
BatchMode: 1, IsHumanControllingUs: 0, StartBugReporterOnCrash: 0, Is64bit: 1, IsPro: 1

COMMAND LINE ARGUMENTS:
C:\Program Files\Unity\Hub\Editor\2021.3.4f1\Editor\Unity.exe
-adb2
-batchMode
-noUpm
-name
AssetImportWorker0
-projectPath
C:/Unity/GFF 20220916/BreakChess
-logFile
Logs/AssetImportWorker0.log
-srvPort
63415
Successfully changed project path to: C:/Unity/GFF 20220916/BreakChess
C:/Unity/GFF 20220916/BreakChess
[UnityMemory] Configuration Parameters - Can be set up in boot.config
    "memorysetup-bucket-allocator-granularity=16"
    "memorysetup-bucket-allocator-bucket-count=8"
    "memorysetup-bucket-allocator-block-size=33554432"
    "memorysetup-bucket-allocator-block-count=8"
    "memorysetup-main-allocator-block-size=16777216"
    "memorysetup-thread-allocator-block-size=16777216"
    "memorysetup-gfx-main-allocator-block-size=16777216"
    "memorysetup-gfx-thread-allocator-block-size=16777216"
    "memorysetup-cache-allocator-block-size=4194304"
    "memorysetup-typetree-allocator-block-size=2097152"
    "memorysetup-profiler-bucket-allocator-granularity=16"
    "memorysetup-profiler-bucket-allocator-bucket-count=8"
    "memorysetup-profiler-bucket-allocator-block-size=33554432"
    "memorysetup-profiler-bucket-allocator-block-count=8"
    "memorysetup-profiler-allocator-block-size=16777216"
    "memorysetup-profiler-editor-allocator-block-size=1048576"
    "memorysetup-temp-allocator-size-main=16777216"
    "memorysetup-job-temp-allocator-block-size=2097152"
    "memorysetup-job-temp-allocator-block-size-background=1048576"
    "memorysetup-job-temp-allocator-reduction-small-platforms=262144"
    "memorysetup-temp-allocator-size-background-worker=32768"
    "memorysetup-temp-allocator-size-job-worker=262144"
    "memorysetup-temp-allocator-size-preload-manager=33554432"
    "memorysetup-temp-allocator-size-nav-mesh-worker=65536"
    "memorysetup-temp-allocator-size-audio-worker=65536"
    "memorysetup-temp-allocator-size-cloud-worker=32768"
    "memorysetup-temp-allocator-size-gi-baking-worker=262144"
    "memorysetup-temp-allocator-size-gfx=262144"
Refreshing native plugins compatible for Editor in 89.51 ms, found 3 plugins.
Preloading 0 native plugins for Editor in 0.00 ms.
Initialize engine version: 2021.3.4f1 (cb45f9cae8b7)
[Subsystems] Discovering subsystems at path C:/Program Files/Unity/Hub/Editor/2021.3.4f1/Editor/Data/Resources/UnitySubsystems
[Subsystems] Discovering subsystems at path C:/Unity/GFF 20220916/BreakChess/Assets
GfxDevice: creating device client; threaded=0; jobified=0
Direct3D:
    Version:  Direct3D 11.0 [level 11.1]
    Renderer: NVIDIA GeForce GTX 1650 Ti with Max-Q Design (ID=0x1f95)
    Vendor:   NVIDIA
    VRAM:     3962 MB
    Driver:   27.21.14.6221
Initialize mono
Mono path[0] = 'C:/Program Files/Unity/Hub/Editor/2021.3.4f1/Editor/Data/Managed'
Mono path[1] = 'C:/Program Files/Unity/Hub/Editor/2021.3.4f1/Editor/Data/MonoBleedingEdge/lib/mono/unityjit-win32'
Mono config path = 'C:/Program Files/Unity/Hub/Editor/2021.3.4f1/Editor/Data/MonoBleedingEdge/etc'
Using monoOptions --debugger-agent=transport=dt_socket,embedding=1,server=y,suspend=n,address=127.0.0.1:56640
Begin MonoManager ReloadAssembly
Registering precompiled unity dll's ...
Register platform support module: C:/Program Files/Unity/Hub/Editor/2021.3.4f1/Editor/Data/PlaybackEngines/WindowsStandaloneSupport/UnityEditor.WindowsStandalone.Extensions.dll
Registered in 0.007358 seconds.
Native extension for WindowsStandalone target not found
Refreshing native plugins compatible for Editor in 85.23 ms, found 3 plugins.
Preloading 0 native plugins for Editor in 0.00 ms.
Mono: successfully reloaded assembly
- Completed reload, in  0.616 seconds
Domain Reload Profiling:
	ReloadAssembly (616ms)
		BeginReloadAssembly (72ms)
			ExecutionOrderSort (0ms)
			DisableScriptedObjects (0ms)
			BackupInstance (0ms)
			ReleaseScriptingObjects (0ms)
			CreateAndSetChildDomain (1ms)
		EndReloadAssembly (437ms)
			LoadAssemblies (70ms)
			RebuildTransferFunctionScriptingTraits (0ms)
			SetupTypeCache (104ms)
			ReleaseScriptCaches (0ms)
			RebuildScriptCaches (26ms)
			SetupLoadedEditorAssemblies (255ms)
				LogAssemblyErrors (0ms)
				InitializePlatformSupportModulesInManaged (8ms)
				SetLoadedEditorAssemblies (0ms)
				RefreshPlugins (85ms)
				BeforeProcessingInitializeOnLoad (1ms)
				ProcessInitializeOnLoadAttributes (118ms)
				ProcessInitializeOnLoadMethodAttributes (42ms)
				AfterProcessingInitializeOnLoad (0ms)
				EditorAssembliesLoaded (0ms)
			ExecutionOrderSort2 (0ms)
			AwakeInstancesAfterBackupRestoration (0ms)
Platform modules already initialized, skipping
Registering precompiled user dll's ...
Registered in 0.006543 seconds.
Begin MonoManager ReloadAssembly
Symbol file LoadedFromMemory doesn't match image C:\Unity\GFF 20220916\BreakChess\Library\PackageCache\com.unity.visualscripting@1.7.8\Editor\VisualScripting.Core\Dependencies\YamlDotNet\Unity.VisualScripting.YamlDotNet.dll
Symbol file LoadedFromMemory doesn't match image C:\Unity\GFF 20220916\BreakChess\Library\PackageCache\com.unity.visualscripting@1.7.8\Editor\VisualScripting.Core\Dependencies\DotNetZip\Unity.VisualScripting.IonicZip.dll
Native extension for WindowsStandalone target not found
Refreshing native plugins compatible for Editor in 0.61 ms, found 3 plugins.
Preloading 0 native plugins for Editor in 0.00 ms.
Mono: successfully reloaded assembly
- Completed reload, in  1.483 seconds
Domain Reload Profiling:
	ReloadAssembly (1484ms)
		BeginReloadAssembly (103ms)
			ExecutionOrderSort (0ms)
			DisableScriptedObjects (5ms)
			BackupInstance (0ms)
			ReleaseScriptingObjects (0ms)
			CreateAndSetChildDomain (16ms)
		EndReloadAssembly (1243ms)
			LoadAssemblies (86ms)
			RebuildTransferFunctionScriptingTraits (0ms)
			SetupTypeCache (354ms)
			ReleaseScriptCaches (1ms)
			RebuildScriptCaches (64ms)
			SetupLoadedEditorAssemblies (652ms)
				LogAssemblyErrors (0ms)
				InitializePlatformSupportModulesInManaged (8ms)
				SetLoadedEditorAssemblies (1ms)
				RefreshPlugins (1ms)
				BeforeProcessingInitializeOnLoad (180ms)
				ProcessInitializeOnLoadAttributes (400ms)
				ProcessInitializeOnLoadMethodAttributes (47ms)
				AfterProcessingInitializeOnLoad (16ms)
				EditorAssembliesLoaded (0ms)
			ExecutionOrderSort2 (0ms)
			AwakeInstancesAfterBackupRestoration (9ms)
Platform modules already initialized, skipping
========================================================================
Worker process is ready to serve import requests
Launched and connected shader compiler UnityShaderCompiler.exe after 0.08 seconds
Refreshing native plugins compatible for Editor in 0.89 ms, found 3 plugins.
Preloading 0 native plugins for Editor in 0.00 ms.
Unloading 3368 Unused Serialized files (Serialized files now loaded: 0)
Unloading 27 unused Assets / (110.9 KB). Loaded Objects now: 3824.
Memory consumption went from 115.8 MB to 115.7 MB.
Total: 6.028700 ms (FindLiveObjects: 0.435500 ms CreateObjectMapping: 0.381600 ms MarkObjects: 5.005800 ms  DeleteObjects: 0.203700 ms)

AssetImportParameters requested are different than current active one (requested -> active):
  custom:video-decoder-ogg-theora: a1e56fd34408186e4bbccfd4996cb3dc -> 
  custom:container-muxer-webm: aa71ff27fc2769a1b78a27578f13a17b -> 
  custom:container-demuxer-webm: 4f35f7cbe854078d1ac9338744f61a02 -> 
  custom:video-encoder-webm-vp8: eb34c28f22e8b96e1ab97ce403110664 -> 
  custom:audio-encoder-webm-vorbis: bf7c407c2cedff20999df2af8eb42d56 -> 
  custom:framework-win-MediaFoundation: 216162199b28c13a410421893ffa2e32 -> 
  custom:container-demuxer-ogg: 62fdf1f143b41e24485cea50d1cbac27 -> 
  custom:video-decoder-webm-vp8: 9c59270c3fd7afecdb556c50c9e8de78 -> 
  custom:audio-decoder-ogg-vorbis: bf7c407c2cedff20999df2af8eb42d56 -> 
========================================================================
Received Import Request.
  Time since last request: 4290.674930 seconds.
  path: Assets/tanaka/Scene/PieceListScene.unity
  artifactKey: Guid(61e2e43ee8452c04bb41983679d70310) Importer(815301076,1909f56bfc062723c751e8b465ee728b)
Start importing Assets/tanaka/Scene/PieceListScene.unity using Guid(61e2e43ee8452c04bb41983679d70310) Importer(815301076,1909f56bfc062723c751e8b465ee728b)  -> (artifact id: '94645545b5432cab0b4557d284535503') in 0.016860 seconds 
========================================================================
Received Import Request.
  Time since last request: 0.000039 seconds.
  path: Assets/tanaka/Scene
  artifactKey: Guid(cfdf4128248923644b7c931df554d805) Importer(815301076,1909f56bfc062723c751e8b465ee728b)
Start importing Assets/tanaka/Scene using Guid(cfdf4128248923644b7c931df554d805) Importer(815301076,1909f56bfc062723c751e8b465ee728b)  -> (artifact id: '0a37a170a2072b57a33689b844dc8c77') in 0.012152 seconds 
========================================================================
Received Import Request.
  Time since last request: 2.788184 seconds.
  path: Assets/tanaka/Scene/StrengthenScene.unity
  artifactKey: Guid(6b66df682e8c01443a2af90bc625744c) Importer(815301076,1909f56bfc062723c751e8b465ee728b)
Start importing Assets/tanaka/Scene/StrengthenScene.unity using Guid(6b66df682e8c01443a2af90bc625744c) Importer(815301076,1909f56bfc062723c751e8b465ee728b)  -> (artifact id: '5b9819620b19ab539663c38a40d8f201') in 0.009843 seconds 
========================================================================
Received Import Request.
  Time since last request: 47.173606 seconds.
  path: Assets/tanaka/Scene/TestScene_T.unity
  artifactKey: Guid(b9fe28dcca4384b448bebc5fde96cbdc) Importer(815301076,1909f56bfc062723c751e8b465ee728b)
Start importing Assets/tanaka/Scene/TestScene_T.unity using Guid(b9fe28dcca4384b448bebc5fde96cbdc) Importer(815301076,1909f56bfc062723c751e8b465ee728b)  -> (artifact id: 'f6b96e1ba9d92060382ff512d223a14f') in 0.005891 seconds 
========================================================================
Received Import Request.
  Time since last request: 94.109775 seconds.
  path: Assets
  artifactKey: Guid(00000000000000001000000000000000) Importer(815301076,1909f56bfc062723c751e8b465ee728b)
Start importing Assets using Guid(00000000000000001000000000000000) Importer(815301076,1909f56bfc062723c751e8b465ee728b)  -> (artifact id: '79842766b460edbeab6a34051e857a80') in 0.009449 seconds 
========================================================================
Received Import Request.
  Time since last request: 8.999871 seconds.
  path: Assets/mihara
  artifactKey: Guid(21547023fba80ac4e82a8edc5b3835f5) Importer(815301076,1909f56bfc062723c751e8b465ee728b)
Start importing Assets/mihara using Guid(21547023fba80ac4e82a8edc5b3835f5) Importer(815301076,1909f56bfc062723c751e8b465ee728b)  -> (artifact id: '1ac76cdf4916424f1bcc07278b525b56') in 0.011366 seconds 
========================================================================
Received Import Request.
  Time since last request: 189.424591 seconds.
  path: Assets/BGM
  artifactKey: Guid(0da97f5d980b4b24a88c4b391d19d556) Importer(815301076,1909f56bfc062723c751e8b465ee728b)
Start importing Assets/BGM using Guid(0da97f5d980b4b24a88c4b391d19d556) Importer(815301076,1909f56bfc062723c751e8b465ee728b)  -> (artifact id: '75c32e32ec42884dcbe0aad13a19ec09') in 0.010711 seconds 
========================================================================
Received Import Request.
  Time since last request: 8.198958 seconds.
  path: Assets/BGM/SE
  artifactKey: Guid(10aad35a3f3bf7248b520776268ed9cd) Importer(815301076,1909f56bfc062723c751e8b465ee728b)
Start importing Assets/BGM/SE using Guid(10aad35a3f3bf7248b520776268ed9cd) Importer(815301076,1909f56bfc062723c751e8b465ee728b)  -> (artifact id: '8221d4d40c2ce6de39cfa8b1b2253da6') in 0.010867 seconds 
========================================================================
Received Import Request.
  Time since last request: 6.274439 seconds.
  path: Assets/BGM/BGM
  artifactKey: Guid(39a9226777dc5b042be456f45c514b05) Importer(815301076,1909f56bfc062723c751e8b465ee728b)
Start importing Assets/BGM/BGM using Guid(39a9226777dc5b042be456f45c514b05) Importer(815301076,1909f56bfc062723c751e8b465ee728b)  -> (artifact id: 'ef4cae39910247fa2eb82c85810f9412') in 0.002951 seconds 
========================================================================
Received Import Request.
  Time since last request: 113.728871 seconds.
  path: Assets/mihara/Script
  artifactKey: Guid(2a00d69b83473814696b2802a725b8e6) Importer(815301076,1909f56bfc062723c751e8b465ee728b)
Start importing Assets/mihara/Script using Guid(2a00d69b83473814696b2802a725b8e6) Importer(815301076,1909f56bfc062723c751e8b465ee728b)  -> (artifact id: '31f410e2bfff980602ac627a0bc1ad36') in 0.011916 seconds 
========================================================================
Received Import Request.
  Time since last request: 6.765534 seconds.
  path: Assets/mihara/Scene
  artifactKey: Guid(f746ef65c4dab9242a89ca772427a9b2) Importer(815301076,1909f56bfc062723c751e8b465ee728b)
Start importing Assets/mihara/Scene using Guid(f746ef65c4dab9242a89ca772427a9b2) Importer(815301076,1909f56bfc062723c751e8b465ee728b)  -> (artifact id: '13234c2e572ba7baf6126a1047a705c7') in 0.004289 seconds 
